Using pre-set license
Built from '2020.3/staging' branch; Version is '2020.3.9f1 (108be757e447) revision 1084391'; Using compiler version '192528614'; Build Type 'Release'
OS: 'Windows 10 Home Single Language; OS build 19043.1415; Version 2009; 64bit' Language: 'en' Physical Memory: 16155 MB
BatchMode: 1, IsHumanControllingUs: 0, StartBugReporterOnCrash: 0, Is64bit: 1, IsPro: 0

 COMMAND LINE ARGUMENTS:
D:\unity projects\New folder\2020.3.9f1\Editor\Unity.exe
-adb2
-batchMode
-noUpm
-name
AssetImportWorker0
-projectPath
D:/unity projects/New folder/Tornado
-logFile
Logs/AssetImportWorker0.log
-srvPort
58019
Successfully changed project path to: D:/unity projects/New folder/Tornado
D:/unity projects/New folder/Tornado
Using Asset Import Pipeline V2.
Refreshing native plugins compatible for Editor in 61.88 ms, found 2 plugins.
Preloading 0 native plugins for Editor in 0.00 ms.
Initialize engine version: 2020.3.9f1 (108be757e447)
[Subsystems] Discovering subsystems at path D:/unity projects/New folder/2020.3.9f1/Editor/Data/Resources/UnitySubsystems
[Subsystems] Discovering subsystems at path D:/unity projects/New folder/Tornado/Assets
GfxDevice: creating device client; threaded=0
Direct3D:
    Version:  Direct3D 11.0 [level 11.1]
    Renderer: NVIDIA GeForce GTX 1650 Ti (ID=0x1f95)
    Vendor:   
    VRAM:     3962 MB
    Driver:   30.0.14.9613
Initialize mono
Mono path[0] = 'D:/unity projects/New folder/2020.3.9f1/Editor/Data/Managed'
Mono path[1] = 'D:/unity projects/New folder/2020.3.9f1/Editor/Data/MonoBleedingEdge/lib/mono/unityjit'
Mono config path = 'D:/unity projects/New folder/2020.3.9f1/Editor/Data/MonoBleedingEdge/etc'
Using monoOptions --debugger-agent=transport=dt_socket,embedding=1,server=y,suspend=n,address=127.0.0.1:56504
Begin MonoManager ReloadAssembly
Registering precompiled unity dll's ...
Register platform support module: D:/unity projects/New folder/2020.3.9f1/Editor/Data/PlaybackEngines/WebGLSupport/UnityEditor.WebGL.Extensions.dll
Register platform support module: D:/unity projects/New folder/2020.3.9f1/Editor/Data/PlaybackEngines/MacStandaloneSupport/UnityEditor.OSXStandalone.Extensions.dll
Register platform support module: D:/unity projects/New folder/2020.3.9f1/Editor/Data/PlaybackEngines/WindowsStandaloneSupport/UnityEditor.WindowsStandalone.Extensions.dll
Register platform support module: D:/unity projects/New folder/2020.3.9f1/Editor/Data/PlaybackEngines/LinuxStandaloneSupport/UnityEditor.LinuxStandalone.Extensions.dll
Register platform support module: D:/unity projects/New folder/2020.3.9f1/Editor/Data/PlaybackEngines/LuminSupport/UnityEditor.Lumin.Extensions.dll
Registered in 0.004641 seconds.
Native extension for Lumin target not found
Native extension for LinuxStandalone target not found
Native extension for WindowsStandalone target not found
Native extension for OSXStandalone target not found
Native extension for WebGL target not found
Refreshing native plugins compatible for Editor in 57.11 ms, found 2 plugins.
Preloading 0 native plugins for Editor in 0.00 ms.
Mono: successfully reloaded assembly
- Completed reload, in  4.025 seconds
Platform modules already initialized, skipping
Registering precompiled user dll's ...
Registered in 0.005180 seconds.
Begin MonoManager ReloadAssembly
Native extension for Lumin target not found
Native extension for LinuxStandalone target not found
Native extension for WindowsStandalone target not found
Native extension for OSXStandalone target not found
Native extension for WebGL target not found
Refreshing native plugins compatible for Editor in 0.45 ms, found 2 plugins.
Preloading 0 native plugins for Editor in 0.00 ms.
Mono: successfully reloaded assembly
- Completed reload, in  1.935 seconds
Platform modules already initialized, skipping
========================================================================
Worker process is ready to serve import requests
Launched and connected shader compiler UnityShaderCompiler.exe after 0.15 seconds
Refreshing native plugins compatible for Editor in 0.45 ms, found 2 plugins.
Preloading 0 native plugins for Editor in 0.00 ms.
Unloading 1562 Unused Serialized files (Serialized files now loaded: 0)
System memory in use before: 71.7 MB.
System memory in use after: 71.7 MB.

Unloading 19 unused Assets to reduce memory usage. Loaded Objects now: 1999.
Total: 3.272800 ms (FindLiveObjects: 0.346200 ms CreateObjectMapping: 0.160300 ms MarkObjects: 2.663700 ms  DeleteObjects: 0.100700 ms)

========================================================================
Received Import Request.
  path: Assets/Tornado/Scripts/Tornado_Texture.jpg
  artifactKey: Guid(40bce3f0eba94fe4f94f07024756faca) Importer(815301076,1909f56bfc062723c751e8b465ee728b)
Start importing Assets/Tornado/Scripts/Tornado_Texture.jpg using Guid(40bce3f0eba94fe4f94f07024756faca) Importer(815301076,1909f56bfc062723c751e8b465ee728b)  -> (artifact id: '94a1a285786cea9f5db4fae299f8c9ce') in 0.443321 seconds
  Import took 0.504464 seconds .

========================================================================
Received Import Request.
  Time since last request: 0.000241 seconds.
  path: Assets/Tornado/Scripts/Tornado.cs
  artifactKey: Guid(065264578577eef4ab004f25a09a67f3) Importer(815301076,1909f56bfc062723c751e8b465ee728b)
Start importing Assets/Tornado/Scripts/Tornado.cs using Guid(065264578577eef4ab004f25a09a67f3) Importer(815301076,1909f56bfc062723c751e8b465ee728b)  -> (artifact id: '87c0feed948880e07dd8b6a396b0ebad') in 0.020732 seconds
  Import took 0.056480 seconds .

========================================================================
Received Import Request.
  Time since last request: 0.024431 seconds.
  path: Assets/Tornado/Scripts/Tornado_Texture.jpg
  artifactKey: Guid(40bce3f0eba94fe4f94f07024756faca) Importer(815301076,1909f56bfc062723c751e8b465ee728b)
Start importing Assets/Tornado/Scripts/Tornado_Texture.jpg using Guid(40bce3f0eba94fe4f94f07024756faca) Importer(815301076,1909f56bfc062723c751e8b465ee728b)  -> (artifact id: '94a1a285786cea9f5db4fae299f8c9ce') in 0.010894 seconds
  Import took 0.061462 seconds .

========================================================================
Received Prepare
Registering precompiled user dll's ...
Registered in 0.007114 seconds.
Begin MonoManager ReloadAssembly
Native extension for Lumin target not found
Native extension for LinuxStandalone target not found
Native extension for WindowsStandalone target not found
Native extension for OSXStandalone target not found
Native extension for WebGL target not found
Refreshing native plugins compatible for Editor in 0.56 ms, found 2 plugins.
Preloading 0 native plugins for Editor in 0.00 ms.
Mono: successfully reloaded assembly
- Completed reload, in  2.132 seconds
Platform modules already initialized, skipping
Refreshing native plugins compatible for Editor in 0.49 ms, found 2 plugins.
Preloading 0 native plugins for Editor in 0.00 ms.
Unloading 1553 Unused Serialized files (Serialized files now loaded: 0)
System memory in use before: 71.3 MB.
System memory in use after: 71.4 MB.

Unloading 14 unused Assets to reduce memory usage. Loaded Objects now: 2003.
Total: 3.214600 ms (FindLiveObjects: 0.207800 ms CreateObjectMapping: 0.076700 ms MarkObjects: 2.899900 ms  DeleteObjects: 0.028800 ms)

AssetImportWorkerClient::OnTransportError - code=2 error=End of file
